<?xml version="1.0" encoding="UTF-8"?>
<testsuite xmlns:xsi="http://www.w3.org/2001/XMLSchema-instance" xsi:noNamespaceSchemaLocation="https://maven.apache.org/surefire/maven-surefire-plugin/xsd/surefire-test-report-3.0.xsd" version="3.0" name="com.starter.backend.BackendApplicationTests" time="8.663" tests="1" errors="0" skipped="0" failures="0">
  <properties>
[...]
</properties>
  <testcase name="contextLoads" classname="com.starter.backend.BackendApplicationTests" time="0.801">
    <system-out><![CDATA[20:39:28.543 [main] INFO org.springframework.test.context.support.AnnotationConfigContextLoaderUtils -- Could not detect default configuration classes for test class [com.starter.backend.BackendApplicationTests]: BackendApplicationTests does not declare any static, non-private, non-final, nested classes annotated with @Configuration.
20:39:28.671 [main] INFO org.springframework.boot.test.context.SpringBootTestContextBootstrapper -- Found @SpringBootConfiguration com.starter.backend.BackendApplication for test class com.starter.backend.BackendApplicationTests
20:39:28.863 [main] INFO org.springframework.boot.devtools.restart.RestartApplicationListener -- Restart disabled due to context in which it is running

  .   ____          _            __ _ _
 /\\ / ___'_ __ _ _(_)_ __  __ _ \ \ \ \
( ( )\___ | '_ | '_| | '_ \/ _` | \ \ \ \
 \\/  ___)| |_)| | | | | || (_| |  ) ) ) )
  '  |____| .__|_| |_|_| |_\__, | / / / /
 =========|_|==============|___/=/_/_/_/
 :: Spring Boot ::       (v3.2.0-SNAPSHOT)

2023-11-17T20:39:29.257Z  INFO 20164 --- [           main] c.s.backend.BackendApplicationTests      : Starting BackendApplicationTests using Java 18.0.2.1 with PID 20164 (started by lilou in C:\Users\lilou\Bureau\Web Templates\Web Starter\backend)
2023-11-17T20:39:29.262Z  INFO 20164 --- [           main] c.s.backend.BackendApplicationTests      : No active profile set, falling back to 1 default profile: "default"
2023-11-17T20:39:30.577Z  INFO 20164 --- [           main] .s.d.r.c.RepositoryConfigurationDelegate : Bootstrapping Spring Data JPA repositories in DEFAULT mode.
2023-11-17T20:39:30.684Z  INFO 20164 --- [           main] .s.d.r.c.RepositoryConfigurationDelegate : Finished Spring Data repository scanning in 91 ms. Found 2 JPA repository interfaces.
2023-11-17T20:39:31.489Z  INFO 20164 --- [           main] o.hibernate.jpa.internal.util.LogHelper  : HHH000204: Processing PersistenceUnitInfo [name: default]
2023-11-17T20:39:31.603Z  INFO 20164 --- [           main] org.hibernate.Version                    : HHH000412: Hibernate ORM core version 6.3.1.Final
2023-11-17T20:39:31.667Z  INFO 20164 --- [           main] o.h.c.internal.RegionFactoryInitiator    : HHH000026: Second-level cache disabled
2023-11-17T20:39:32.055Z  INFO 20164 --- [           main] o.s.o.j.p.SpringPersistenceUnitInfo      : No LoadTimeWeaver setup: ignoring JPA class transformer
2023-11-17T20:39:32.086Z  INFO 20164 --- [           main] com.zaxxer.hikari.HikariDataSource       : HikariPool-1 - Starting...
2023-11-17T20:39:32.449Z  INFO 20164 --- [           main] com.zaxxer.hikari.pool.HikariPool        : HikariPool-1 - Added connection org.postgresql.jdbc.PgConnection@19d27c27
2023-11-17T20:39:32.451Z  INFO 20164 --- [           main] com.zaxxer.hikari.HikariDataSource       : HikariPool-1 - Start completed.
2023-11-17T20:39:32.488Z  WARN 20164 --- [           main] org.hibernate.orm.deprecation            : HHH90000025: PostgreSQLDialect does not need to be specified explicitly using 'hibernate.dialect' (remove the property setting and it will be selected by default)
2023-11-17T20:39:33.524Z  INFO 20164 --- [           main] o.h.e.t.j.p.i.JtaPlatformInitiator       : HHH000489: No JTA platform available (set 'hibernate.transaction.jta.platform' to enable JTA platform integration)
2023-11-17T20:39:33.608Z  INFO 20164 --- [           main] j.LocalContainerEntityManagerFactoryBean : Initialized JPA EntityManagerFactory for persistence unit 'default'
2023-11-17T20:39:34.683Z  WARN 20164 --- [           main] JpaBaseConfiguration$JpaWebConfiguration : spring.jpa.open-in-view is enabled by default. Therefore, database queries may be performed during view rendering. Explicitly configure spring.jpa.open-in-view to disable this warning
2023-11-17T20:39:35.253Z  INFO 20164 --- [           main] o.s.s.web.DefaultSecurityFilterChain     : Will secure Or [Mvc [pattern='/api/**']] with [org.springframework.security.web.session.DisableEncodeUrlFilter@671c71e8, org.springframework.security.web.context.request.async.WebAsyncManagerIntegrationFilter@7d5176d6, org.springframework.security.web.context.SecurityContextHolderFilter@5e445ffe, org.springframework.security.web.header.HeaderWriterFilter@78ca8258, org.springframework.web.filter.CorsFilter@31d791c0, org.springframework.security.web.csrf.CsrfFilter@1267adbe, org.springframework.security.web.authentication.logout.LogoutFilter@6137dc84, org.springframework.security.oauth2.client.web.OAuth2AuthorizationRequestRedirectFilter@79f82fc4, org.springframework.security.oauth2.client.web.OAuth2LoginAuthenticationFilter@473c491, com.starter.backend.security.TokenAuthenticationFilter@159314ca, org.springframework.security.web.authentication.www.BasicAuthenticationFilter@106387cf, org.springframework.security.web.savedrequest.RequestCacheAwareFilter@2a9fd482, org.springframework.security.web.servletapi.SecurityContextHolderAwareRequestFilter@7ca2319f, org.springframework.security.web.authentication.AnonymousAuthenticationFilter@623c9988, org.springframework.security.web.session.SessionManagementFilter@38224635, org.springframework.security.web.access.ExceptionTranslationFilter@137db13f, org.springframework.security.web.access.intercept.AuthorizationFilter@37289e90]
2023-11-17T20:39:35.272Z  INFO 20164 --- [           main] o.s.s.web.DefaultSecurityFilterChain     : Will secure Or [Mvc [pattern='/doc/**']] with [org.springframework.security.web.session.DisableEncodeUrlFilter@569b3009, org.springframework.security.web.session.ForceEagerSessionCreationFilter@23d0f6be, org.springframework.security.web.context.request.async.WebAsyncManagerIntegrationFilter@48cebb78, org.springframework.security.web.context.SecurityContextHolderFilter@5e528476, org.springframework.security.web.header.HeaderWriterFilter@5e6ad84c, org.springframework.security.web.authentication.logout.LogoutFilter@45e49d3d, org.springframework.security.web.authentication.UsernamePasswordAuthenticationFilter@37f75ebf, org.springframework.security.web.savedrequest.RequestCacheAwareFilter@56728f48, org.springframework.security.web.servletapi.SecurityContextHolderAwareRequestFilter@281d3ce7, org.springframework.security.web.authentication.AnonymousAuthenticationFilter@45c10678, org.springframework.security.web.session.SessionManagementFilter@4117e0c9, org.springframework.security.web.access.ExceptionTranslationFilter@62ad5f35, org.springframework.security.web.access.intercept.AuthorizationFilter@4615bc00]
2023-11-17T20:39:35.285Z  WARN 20164 --- [           main] o.s.s.c.a.web.builders.WebSecurity       : 

********************************************************************
**********        Security debugging is enabled.       *************
**********    This may include sensitive information.  *************
**********      Do not use in a production system!     *************
********************************************************************


2023-11-17T20:39:36.160Z  INFO 20164 --- [           main] c.s.backend.BackendApplicationTests      : Started BackendApplicationTests in 7.313 seconds (process running for 8.453)
]]></system-out>
  </testcase>
</testsuite>